3.6828 	WARNING 	Monitor specification not found. Creating a temporary one...
3.6860 	WARNING 	User requested fullscreen with size [1920 1080], but screen is actually [640, 480]. Using actual size
0.0003 	EXP 	CLI args ['psychopy/hampton2006.py'], ordering seed 54, task seed 43
33.5980 	DATA 	Keypress: equal
33.6144 	EXP 	Fixation cross
34.5863 	DATA 	Keypress: equal
35.5862 	DATA 	Keypress: equal
35.6326 	EXP 	stim presentation for duration 2.000. feedback duration 4.000
36.5866 	DATA 	Keypress: equal
37.0980 	DATA 	Keypress: 2
37.1164 	EXP 	stim select
37.5861 	DATA 	Keypress: equal
37.6327 	EXP 	Hampton2006: Action=1 State=1 Rewarded=True CorrectCount=1
37.6502 	EXP 	feedback
38.5860 	DATA 	Keypress: equal
39.5861 	DATA 	Keypress: equal
40.5864 	DATA 	Keypress: equal
41.5865 	DATA 	Keypress: equal
41.6692 	EXP 	stim presentation for duration 2.000. feedback duration 3.000
42.2935 	DATA 	Keypress: 1
42.3023 	EXP 	stim select
42.5861 	DATA 	Keypress: equal
43.5859 	DATA 	Keypress: equal
43.6694 	EXP 	Hampton2006: Action=1 State=1 Rewarded=True CorrectCount=2
43.6870 	EXP 	feedback
44.5861 	DATA 	Keypress: equal
45.5864 	DATA 	Keypress: equal
46.5872 	DATA 	Keypress: equal
46.6903 	EXP 	stim presentation for duration 1.000. feedback duration 3.000
47.4732 	DATA 	Keypress: 1
47.4879 	EXP 	stim select
47.5861 	DATA 	Keypress: equal
47.6903 	EXP 	Hampton2006: Action=1 State=1 Rewarded=True CorrectCount=3
47.7055 	EXP 	feedback
48.5850 	DATA 	Keypress: equal
49.5850 	DATA 	Keypress: equal
50.5848 	DATA 	Keypress: equal
50.7102 	EXP 	stim presentation for duration 3.000. feedback duration 4.000
51.2535 	DATA 	Keypress: 1
51.2614 	EXP 	stim select
51.5850 	DATA 	Keypress: equal
52.5851 	DATA 	Keypress: equal
53.5849 	DATA 	Keypress: equal
53.7104 	EXP 	Hampton2006: Action=1 State=1 Rewarded=True CorrectCount=4
53.7242 	EXP 	feedback
54.5849 	DATA 	Keypress: equal
55.5849 	DATA 	Keypress: equal
56.5850 	DATA 	Keypress: equal
57.5850 	DATA 	Keypress: equal
57.7335 	EXP 	stim presentation for duration 1.000. feedback duration 4.000
58.4031 	DATA 	Keypress: 1
58.4092 	EXP 	stim select
58.5852 	DATA 	Keypress: equal
58.7337 	EXP 	Hampton2006: Action=1 State=1 Rewarded=False CorrectCount=5
58.7428 	EXP 	feedback
59.5852 	DATA 	Keypress: equal
60.5850 	DATA 	Keypress: equal
61.5851 	DATA 	Keypress: equal
62.5850 	DATA 	Keypress: equal
62.7539 	EXP 	stim presentation for duration 1.000. feedback duration 3.000
63.5851 	DATA 	Keypress: equal
63.7636 	EXP 	no response
63.7853 	DATA 	Keypress: 2
64.5850 	DATA 	Keypress: equal
65.5850 	DATA 	Keypress: equal
66.5853 	DATA 	Keypress: equal
66.7731 	EXP 	stim presentation for duration 3.000. feedback duration 2.000
67.5851 	DATA 	Keypress: equal
68.3985 	DATA 	Keypress: 1
68.4078 	EXP 	stim select
68.5852 	DATA 	Keypress: equal
69.5851 	DATA 	Keypress: equal
69.7732 	EXP 	Hampton2006: Action=1 State=1 Rewarded=True CorrectCount=6
69.7732 	EXP 	Hampton2006: Reversal
69.7814 	EXP 	feedback
70.5852 	DATA 	Keypress: equal
71.5851 	DATA 	Keypress: equal
71.7947 	EXP 	stim presentation for duration 3.000. feedback duration 3.000
72.5862 	DATA 	Keypress: equal
73.0202 	DATA 	Keypress: 1
73.0280 	EXP 	stim select
73.5841 	DATA 	Keypress: equal
74.5842 	DATA 	Keypress: equal
74.7949 	EXP 	Hampton2006: Action=1 State=0 Rewarded=False CorrectCount=0
74.8138 	EXP 	feedback
75.5841 	DATA 	Keypress: equal
76.5845 	DATA 	Keypress: equal
77.5841 	DATA 	Keypress: equal
77.8189 	EXP 	stim presentation for duration 2.000. feedback duration 4.000
78.3553 	DATA 	Keypress: 1
78.3660 	EXP 	stim select
78.5840 	DATA 	Keypress: equal
79.5842 	DATA 	Keypress: equal
79.8190 	EXP 	Hampton2006: Action=1 State=0 Rewarded=True CorrectCount=0
79.8337 	EXP 	feedback
80.5844 	DATA 	Keypress: equal
81.5842 	DATA 	Keypress: equal
82.5840 	DATA 	Keypress: equal
83.5842 	DATA 	Keypress: equal
83.8387 	EXP 	stim presentation for duration 1.000. feedback duration 4.000
84.5841 	DATA 	Keypress: equal
84.8545 	EXP 	no response
85.5841 	DATA 	Keypress: equal
86.5841 	DATA 	Keypress: equal
87.5841 	DATA 	Keypress: equal
88.5842 	DATA 	Keypress: equal
88.8746 	EXP 	stim presentation for duration 2.000. feedback duration 3.000
89.4181 	DATA 	Keypress: 1
89.4244 	EXP 	stim select
89.5842 	DATA 	Keypress: equal
90.5839 	DATA 	Keypress: equal
90.8747 	EXP 	Hampton2006: Action=1 State=0 Rewarded=False CorrectCount=0
90.8922 	EXP 	feedback
91.5842 	DATA 	Keypress: equal
92.5841 	DATA 	Keypress: equal
93.5841 	DATA 	Keypress: equal
93.9108 	EXP 	stim presentation for duration 2.000. feedback duration 4.000
94.5841 	DATA 	Keypress: equal
94.6851 	DATA 	Keypress: 2
94.6944 	EXP 	stim select
95.5840 	DATA 	Keypress: equal
95.9110 	EXP 	Hampton2006: Action=1 State=0 Rewarded=False CorrectCount=0
95.9282 	EXP 	feedback
96.5840 	DATA 	Keypress: equal
97.5843 	DATA 	Keypress: equal
98.5842 	DATA 	Keypress: equal
99.5830 	DATA 	Keypress: equal
99.9332 	EXP 	stim presentation for duration 2.000. feedback duration 3.000
100.5832 	DATA 	Keypress: equal
100.6623 	DATA 	Keypress: 1
100.6662 	EXP 	stim select
101.5831 	DATA 	Keypress: equal
101.9334 	EXP 	Hampton2006: Action=0 State=0 Rewarded=False CorrectCount=1
101.9472 	EXP 	feedback
102.5838 	DATA 	Keypress: equal
103.5832 	DATA 	Keypress: equal
104.5833 	DATA 	Keypress: equal
104.9539 	EXP 	stim presentation for duration 1.000. feedback duration 4.000
105.5831 	DATA 	Keypress: equal
105.9655 	EXP 	no response
106.5833 	DATA 	Keypress: equal
107.5831 	DATA 	Keypress: equal
108.5831 	DATA 	Keypress: equal
109.5833 	DATA 	Keypress: equal
109.9745 	EXP 	stim presentation for duration 1.000. feedback duration 4.000
110.5834 	DATA 	Keypress: equal
110.9851 	EXP 	no response
111.0180 	DATA 	Keypress: 1
111.5832 	DATA 	Keypress: equal
112.5830 	DATA 	Keypress: equal
113.5830 	DATA 	Keypress: equal
114.5830 	DATA 	Keypress: equal
114.9954 	EXP 	stim presentation for duration 2.000. feedback duration 2.000
115.5832 	DATA 	Keypress: equal
115.6156 	DATA 	Keypress: 1
115.6207 	EXP 	stim select
116.5832 	DATA 	Keypress: equal
116.9962 	EXP 	Hampton2006: Action=0 State=0 Rewarded=True CorrectCount=2
117.0038 	EXP 	feedback
117.5830 	DATA 	Keypress: equal
118.5830 	DATA 	Keypress: equal
119.0149 	EXP 	stim presentation for duration 3.000. feedback duration 2.000
119.5833 	DATA 	Keypress: equal
119.8449 	DATA 	Keypress: 1
119.8562 	EXP 	stim select
120.5830 	DATA 	Keypress: equal
121.5832 	DATA 	Keypress: equal
122.0151 	EXP 	Hampton2006: Action=0 State=0 Rewarded=True CorrectCount=3
122.0233 	EXP 	feedback
122.5831 	DATA 	Keypress: equal
123.5830 	DATA 	Keypress: equal
124.0357 	EXP 	stim presentation for duration 2.000. feedback duration 4.000
124.5832 	DATA 	Keypress: equal
124.8767 	DATA 	Keypress: 2
124.8858 	EXP 	stim select
125.5821 	DATA 	Keypress: equal
126.0359 	EXP 	Hampton2006: Action=0 State=0 Rewarded=False CorrectCount=4
126.0541 	EXP 	feedback
126.5821 	DATA 	Keypress: equal
127.5822 	DATA 	Keypress: equal
128.5820 	DATA 	Keypress: equal
129.5821 	DATA 	Keypress: equal
130.0602 	EXP 	stim presentation for duration 2.000. feedback duration 2.000
130.5760 	DATA 	Keypress: 1
130.5914 	EXP 	stim select
130.5950 	DATA 	Keypress: equal
131.5825 	DATA 	Keypress: equal
132.0603 	EXP 	Hampton2006: Action=0 State=0 Rewarded=True CorrectCount=5
132.0603 	EXP 	Hampton2006: Reversal
132.0758 	EXP 	feedback
132.5822 	DATA 	Keypress: equal
133.5821 	DATA 	Keypress: equal
134.0933 	EXP 	stim presentation for duration 3.000. feedback duration 4.000
134.5823 	DATA 	Keypress: equal
134.6941 	DATA 	Keypress: 1
134.7112 	EXP 	stim select
135.5821 	DATA 	Keypress: equal
136.5822 	DATA 	Keypress: equal
137.0934 	EXP 	Hampton2006: Action=0 State=1 Rewarded=False CorrectCount=0
137.1133 	EXP 	feedback
137.5822 	DATA 	Keypress: equal
138.5822 	DATA 	Keypress: equal
139.5824 	DATA 	Keypress: equal
140.5821 	DATA 	Keypress: equal
141.1325 	EXP 	stim presentation for duration 3.000. feedback duration 3.000
141.5822 	DATA 	Keypress: equal
142.4280 	DATA 	Keypress: 1
142.4330 	EXP 	stim select
142.5821 	DATA 	Keypress: equal
143.5821 	DATA 	Keypress: equal
144.1327 	EXP 	Hampton2006: Action=0 State=1 Rewarded=False CorrectCount=0
144.1509 	EXP 	feedback
144.5823 	DATA 	Keypress: equal
145.5822 	DATA 	Keypress: equal
146.5821 	DATA 	Keypress: equal
147.1691 	EXP 	stim presentation for duration 2.000. feedback duration 3.000
147.5821 	DATA 	Keypress: equal
147.7052 	DATA 	Keypress: 1
147.7195 	EXP 	stim select
148.5825 	DATA 	Keypress: equal
149.1697 	EXP 	Hampton2006: Action=0 State=1 Rewarded=False CorrectCount=0
149.1861 	EXP 	feedback
149.5823 	DATA 	Keypress: equal
150.5822 	DATA 	Keypress: equal
151.5811 	DATA 	Keypress: equal
152.1912 	EXP 	stim presentation for duration 2.000. feedback duration 3.000
152.5810 	DATA 	Keypress: equal
152.7601 	DATA 	Keypress: 1
152.7715 	EXP 	stim select
153.5811 	DATA 	Keypress: equal
154.1912 	EXP 	Hampton2006: Action=1 State=1 Rewarded=True CorrectCount=1
154.2055 	EXP 	feedback
154.5814 	DATA 	Keypress: equal
155.5817 	DATA 	Keypress: equal
156.5812 	DATA 	Keypress: equal
157.2116 	EXP 	stim presentation for duration 3.000. feedback duration 2.000
157.5814 	DATA 	Keypress: equal
157.7600 	DATA 	Keypress: 1
157.7743 	EXP 	stim select
158.5812 	DATA 	Keypress: equal
159.5815 	DATA 	Keypress: equal
160.2120 	EXP 	Hampton2006: Action=1 State=1 Rewarded=True CorrectCount=2
160.2253 	EXP 	feedback
160.5818 	DATA 	Keypress: equal
161.5810 	DATA 	Keypress: equal
162.2313 	EXP 	stim presentation for duration 2.000. feedback duration 3.000
162.5816 	DATA 	Keypress: equal
162.8730 	DATA 	Keypress: 1
162.8834 	EXP 	stim select
163.5811 	DATA 	Keypress: equal
164.2315 	EXP 	Hampton2006: Action=1 State=1 Rewarded=True CorrectCount=3
164.2440 	EXP 	feedback
164.5812 	DATA 	Keypress: equal
165.5813 	DATA 	Keypress: equal
166.5814 	DATA 	Keypress: equal
167.2524 	EXP 	stim presentation for duration 2.000. feedback duration 3.000
167.5813 	DATA 	Keypress: equal
168.0113 	DATA 	Keypress: 2
168.0212 	EXP 	stim select
168.5812 	DATA 	Keypress: equal
169.2528 	EXP 	Hampton2006: Action=1 State=1 Rewarded=True CorrectCount=4
169.2528 	EXP 	Hampton2006: Reversal
169.2617 	EXP 	feedback
169.5815 	DATA 	Keypress: equal
170.5810 	DATA 	Keypress: equal
171.5811 	DATA 	Keypress: equal
172.2740 	EXP 	stim presentation for duration 1.000. feedback duration 2.000
172.5811 	DATA 	Keypress: equal
173.2806 	EXP 	no response
173.3543 	DATA 	Keypress: 1
173.5811 	DATA 	Keypress: equal
174.5812 	DATA 	Keypress: equal
175.2930 	EXP 	stim presentation for duration 1.000. feedback duration 4.000
175.5810 	DATA 	Keypress: equal
176.2993 	EXP 	no response
176.3950 	DATA 	Keypress: 1
176.5810 	DATA 	Keypress: equal
177.5800 	DATA 	Keypress: equal
178.5803 	DATA 	Keypress: equal
179.5804 	DATA 	Keypress: equal
180.3138 	EXP 	stim presentation for duration 1.000. feedback duration 3.000
180.5804 	DATA 	Keypress: equal
180.7991 	DATA 	Keypress: 1
180.8144 	EXP 	stim select
181.3145 	EXP 	Hampton2006: Action=1 State=0 Rewarded=True CorrectCount=0
181.3307 	EXP 	feedback
181.5801 	DATA 	Keypress: equal
182.5802 	DATA 	Keypress: equal
183.5803 	DATA 	Keypress: equal
184.3355 	EXP 	stim presentation for duration 3.000. feedback duration 3.000
184.5805 	DATA 	Keypress: equal
185.5802 	DATA 	Keypress: equal
185.6596 	DATA 	Keypress: 1
185.6672 	EXP 	stim select
186.5802 	DATA 	Keypress: equal
187.3357 	EXP 	Hampton2006: Action=1 State=0 Rewarded=False CorrectCount=0
187.3525 	EXP 	feedback
187.5802 	DATA 	Keypress: equal
188.5800 	DATA 	Keypress: equal
189.5802 	DATA 	Keypress: equal
190.3718 	EXP 	stim presentation for duration 2.000. feedback duration 2.000
190.5802 	DATA 	Keypress: equal
190.9960 	DATA 	Keypress: 2
191.0047 	EXP 	stim select
191.5801 	DATA 	Keypress: equal
192.3725 	EXP 	Hampton2006: Action=0 State=0 Rewarded=False CorrectCount=1
192.3890 	EXP 	feedback
192.5811 	DATA 	Keypress: equal
193.5801 	DATA 	Keypress: equal
194.4083 	EXP 	stim presentation for duration 3.000. feedback duration 3.000
194.5799 	DATA 	Keypress: equal
195.5799 	DATA 	Keypress: equal
195.7930 	DATA 	Keypress: 2
195.8086 	EXP 	stim select
196.5801 	DATA 	Keypress: equal
197.4084 	EXP 	Hampton2006: Action=1 State=0 Rewarded=True CorrectCount=1
197.4253 	EXP 	feedback
197.5802 	DATA 	Keypress: equal
198.5800 	DATA 	Keypress: equal
199.5801 	DATA 	Keypress: equal
200.4447 	EXP 	stim presentation for duration 2.000. feedback duration 3.000
200.5799 	DATA 	Keypress: equal
201.2312 	DATA 	Keypress: 1
201.2443 	EXP 	stim select
201.5801 	DATA 	Keypress: equal
202.4455 	EXP 	Hampton2006: Action=1 State=0 Rewarded=False CorrectCount=1
202.4621 	EXP 	feedback
202.5790 	DATA 	Keypress: equal
203.5791 	DATA 	Keypress: equal
204.5792 	DATA 	Keypress: equal
205.4658 	EXP 	stim presentation for duration 1.000. feedback duration 3.000
205.5793 	DATA 	Keypress: equal
205.9732 	DATA 	Keypress: 2
205.9794 	EXP 	stim select
206.4660 	EXP 	Hampton2006: Action=0 State=0 Rewarded=True CorrectCount=2
206.4809 	EXP 	feedback
206.5793 	DATA 	Keypress: equal
207.5791 	DATA 	Keypress: equal
208.5792 	DATA 	Keypress: equal
209.4860 	EXP 	stim presentation for duration 2.000. feedback duration 3.000
209.5791 	DATA 	Keypress: equal
210.1288 	DATA 	Keypress: 2
210.1360 	EXP 	stim select
210.5792 	DATA 	Keypress: equal
211.4862 	EXP 	Hampton2006: Action=0 State=0 Rewarded=True CorrectCount=3
211.5003 	EXP 	feedback
211.5792 	DATA 	Keypress: equal
212.5793 	DATA 	Keypress: equal
213.5792 	DATA 	Keypress: equal
214.5071 	EXP 	stim presentation for duration 3.000. feedback duration 4.000
214.5790 	DATA 	Keypress: equal
215.5791 	DATA 	Keypress: equal
215.7616 	DATA 	Keypress: 2
215.7681 	EXP 	stim select
216.5794 	DATA 	Keypress: equal
217.5072 	EXP 	Hampton2006: Action=0 State=0 Rewarded=False CorrectCount=4
217.5185 	EXP 	feedback
217.5792 	DATA 	Keypress: equal
218.5791 	DATA 	Keypress: equal
219.5791 	DATA 	Keypress: equal
220.5790 	DATA 	Keypress: equal
221.5297 	EXP 	stim presentation for duration 1.000. feedback duration 4.000
221.5790 	DATA 	Keypress: equal
222.1425 	DATA 	Keypress: 1
222.1544 	EXP 	stim select
222.5304 	EXP 	Hampton2006: Action=0 State=0 Rewarded=False CorrectCount=5
222.5459 	EXP 	feedback
222.5802 	DATA 	Keypress: equal
223.5789 	DATA 	Keypress: equal
224.5791 	DATA 	Keypress: equal
225.5790 	DATA 	Keypress: equal
226.5496 	EXP 	stim presentation for duration 2.000. feedback duration 3.000
226.5792 	DATA 	Keypress: equal
227.5791 	DATA 	Keypress: equal
228.5579 	EXP 	no response
228.5780 	DATA 	Keypress: equal
229.5781 	DATA 	Keypress: equal
230.5782 	DATA 	Keypress: equal
231.5713 	EXP 	stim presentation for duration 2.000. feedback duration 3.000
231.5785 	DATA 	Keypress: equal
232.1433 	DATA 	Keypress: 1
232.1549 	EXP 	stim select
232.5785 	DATA 	Keypress: equal
233.5720 	EXP 	Hampton2006: Action=0 State=0 Rewarded=True CorrectCount=6
233.5784 	DATA 	Keypress: equal
233.5889 	EXP 	feedback
234.5780 	DATA 	Keypress: equal
235.5783 	DATA 	Keypress: equal
236.5780 	DATA 	Keypress: equal
236.5938 	EXP 	stim presentation for duration 3.000. feedback duration 2.000
237.5780 	DATA 	Keypress: equal
237.7274 	DATA 	Keypress: 2
237.7419 	EXP 	stim select
238.5782 	DATA 	Keypress: equal
239.5783 	DATA 	Keypress: equal
239.5940 	EXP 	Hampton2006: Action=0 State=0 Rewarded=False CorrectCount=7
239.6104 	EXP 	feedback
240.5781 	DATA 	Keypress: equal
241.5782 	DATA 	Keypress: equal
241.6289 	EXP 	stim presentation for duration 3.000. feedback duration 3.000
242.2240 	DATA 	Keypress: 1
242.2293 	EXP 	stim select
242.5782 	DATA 	Keypress: equal
243.5782 	DATA 	Keypress: equal
244.5788 	DATA 	Keypress: equal
244.6295 	EXP 	Hampton2006: Action=1 State=0 Rewarded=True CorrectCount=7
244.6479 	EXP 	feedback
245.5780 	DATA 	Keypress: equal
246.5780 	DATA 	Keypress: equal
247.5782 	DATA 	Keypress: equal
247.6660 	EXP 	stim presentation for duration 2.000. feedback duration 2.000
248.3282 	DATA 	Keypress: 2
248.3335 	EXP 	stim select
248.5781 	DATA 	Keypress: equal
249.5780 	DATA 	Keypress: equal
249.6661 	EXP 	Hampton2006: Action=1 State=0 Rewarded=False CorrectCount=7
249.6661 	EXP 	Hampton2006: Reversal
249.6846 	EXP 	feedback
250.5779 	DATA 	Keypress: equal
251.5780 	DATA 	Keypress: equal
251.7021 	EXP 	stim presentation for duration 3.000. feedback duration 2.000
252.1701 	DATA 	Keypress: 2
252.1859 	EXP 	stim select
252.5789 	DATA 	Keypress: equal
253.5781 	DATA 	Keypress: equal
254.5781 	DATA 	Keypress: equal
254.7026 	EXP 	Hampton2006: Action=1 State=1 Rewarded=False CorrectCount=1
254.7200 	EXP 	feedback
255.5774 	DATA 	Keypress: equal
256.5773 	DATA 	Keypress: equal
256.7375 	EXP 	stim presentation for duration 1.000. feedback duration 4.000
257.4211 	DATA 	Keypress: 1
257.4375 	EXP 	stim select
257.5771 	DATA 	Keypress: equal
257.7376 	EXP 	Hampton2006: Action=0 State=1 Rewarded=False CorrectCount=1
257.7546 	EXP 	feedback
258.5771 	DATA 	Keypress: equal
259.5773 	DATA 	Keypress: equal
260.5774 	DATA 	Keypress: equal
261.5772 	DATA 	Keypress: equal
261.7609 	EXP 	stim presentation for duration 3.000. feedback duration 3.000
262.5771 	DATA 	Keypress: equal
263.2674 	DATA 	Keypress: 2
263.2741 	EXP 	stim select
263.5772 	DATA 	Keypress: equal
264.5772 	DATA 	Keypress: equal
264.7613 	EXP 	Hampton2006: Action=1 State=1 Rewarded=True CorrectCount=2
264.7752 	EXP 	feedback
265.5773 	DATA 	Keypress: equal
266.5770 	DATA 	Keypress: equal
267.5772 	DATA 	Keypress: equal
267.7826 	EXP 	stim presentation for duration 1.000. feedback duration 2.000
268.3282 	DATA 	Keypress: 2
268.3321 	EXP 	stim select
268.5771 	DATA 	Keypress: equal
268.7828 	EXP 	Hampton2006: Action=1 State=1 Rewarded=True CorrectCount=3
268.7928 	EXP 	feedback
269.5770 	DATA 	Keypress: equal
270.5771 	DATA 	Keypress: equal
270.8014 	EXP 	stim presentation for duration 2.000. feedback duration 3.000
271.5280 	DATA 	Keypress: 1
271.5349 	EXP 	stim select
271.5771 	DATA 	Keypress: equal
272.5773 	DATA 	Keypress: equal
272.8015 	EXP 	Hampton2006: Action=1 State=1 Rewarded=True CorrectCount=4
272.8015 	EXP 	Hampton2006: Reversal
272.8117 	EXP 	feedback
273.5773 	DATA 	Keypress: equal
274.5772 	DATA 	Keypress: equal
275.5772 	DATA 	Keypress: equal
275.8227 	EXP 	stim presentation for duration 1.000. feedback duration 3.000
276.2841 	DATA 	Keypress: 2
276.2894 	EXP 	stim select
276.5772 	DATA 	Keypress: equal
276.8229 	EXP 	Hampton2006: Action=1 State=0 Rewarded=False CorrectCount=0
276.8298 	EXP 	feedback
277.5771 	DATA 	Keypress: equal
278.5771 	DATA 	Keypress: equal
279.5770 	DATA 	Keypress: equal
279.8423 	EXP 	stim presentation for duration 3.000. feedback duration 2.000
280.4475 	DATA 	Keypress: 1
280.4589 	EXP 	stim select
280.5775 	DATA 	Keypress: equal
281.5762 	DATA 	Keypress: equal
282.5781 	DATA 	Keypress: equal
282.8425 	EXP 	Hampton2006: Action=1 State=0 Rewarded=False CorrectCount=0
282.8614 	EXP 	feedback
283.5763 	DATA 	Keypress: equal
284.5762 	DATA 	Keypress: equal
284.8674 	EXP 	stim presentation for duration 1.000. feedback duration 2.000
285.5760 	DATA 	Keypress: equal
285.8804 	EXP 	no response
286.5762 	DATA 	Keypress: equal
287.5759 	DATA 	Keypress: equal
287.8855 	EXP 	stim presentation for duration 2.000. feedback duration 3.000
288.5760 	DATA 	Keypress: equal
289.1230 	DATA 	Keypress: 2
289.1324 	EXP 	stim select
289.5761 	DATA 	Keypress: equal
289.8856 	EXP 	Hampton2006: Action=1 State=0 Rewarded=False CorrectCount=0
289.9005 	EXP 	feedback
290.5763 	DATA 	Keypress: equal
291.5761 	DATA 	Keypress: equal
292.5762 	DATA 	Keypress: equal
292.9042 	EXP 	stim presentation for duration 2.000. feedback duration 3.000
293.5764 	DATA 	Keypress: equal
293.6342 	DATA 	Keypress: 2
293.6529 	EXP 	stim select
294.5762 	DATA 	Keypress: equal
294.9046 	EXP 	Hampton2006: Action=0 State=0 Rewarded=True CorrectCount=1
294.9213 	EXP 	feedback
295.5762 	DATA 	Keypress: equal
296.5766 	DATA 	Keypress: equal
297.5764 	DATA 	Keypress: equal
297.9396 	EXP 	stim presentation for duration 1.000. feedback duration 2.000
298.4923 	DATA 	Keypress: 2
298.5066 	EXP 	stim select
298.5759 	DATA 	Keypress: equal
298.9398 	EXP 	Hampton2006: Action=0 State=0 Rewarded=True CorrectCount=2
298.9573 	EXP 	feedback
299.5765 	DATA 	Keypress: equal
300.5764 	DATA 	Keypress: equal
300.9751 	EXP 	stim presentation for duration 3.000. feedback duration 3.000
301.5766 	DATA 	Keypress: equal
301.6735 	DATA 	Keypress: 1
301.6921 	EXP 	stim select
302.5765 	DATA 	Keypress: equal
303.5762 	DATA 	Keypress: equal
303.9753 	EXP 	Hampton2006: Action=0 State=0 Rewarded=False CorrectCount=3
303.9928 	EXP 	feedback
304.5766 	DATA 	Keypress: equal
305.5763 	DATA 	Keypress: equal
306.5763 	DATA 	Keypress: equal
307.0116 	EXP 	stim presentation for duration 1.000. feedback duration 2.000
307.5651 	DATA 	Keypress: 2
307.5788 	EXP 	stim select
307.5820 	DATA 	Keypress: equal
308.0118 	EXP 	Hampton2006: Action=0 State=0 Rewarded=False CorrectCount=4
308.0294 	EXP 	feedback
308.5751 	DATA 	Keypress: equal
309.5751 	DATA 	Keypress: equal
310.0467 	EXP 	stim presentation for duration 2.000. feedback duration 3.000
310.5750 	DATA 	Keypress: equal
311.4915 	DATA 	Keypress: 2
311.4967 	EXP 	stim select
311.5752 	DATA 	Keypress: equal
312.0469 	EXP 	Hampton2006: Action=1 State=0 Rewarded=True CorrectCount=4
312.0637 	EXP 	feedback
312.5763 	DATA 	Keypress: equal
313.5755 	DATA 	Keypress: equal
314.5754 	DATA 	Keypress: equal
315.0700 	EXP 	stim presentation for duration 2.000. feedback duration 4.000
315.5754 	DATA 	Keypress: equal
316.1183 	DATA 	Keypress: 2
316.1329 	EXP 	stim select
316.5755 	DATA 	Keypress: equal
317.0704 	EXP 	Hampton2006: Action=1 State=0 Rewarded=False CorrectCount=4
317.0704 	EXP 	Hampton2006: Reversal
317.0825 	EXP 	feedback
317.5751 	DATA 	Keypress: equal
318.5751 	DATA 	Keypress: equal
319.5754 	DATA 	Keypress: equal
320.5752 	DATA 	Keypress: equal
321.0913 	EXP 	stim presentation for duration 2.000. feedback duration 4.000
321.5751 	DATA 	Keypress: equal
321.5985 	DATA 	Keypress: 2
321.6085 	EXP 	stim select
322.5750 	DATA 	Keypress: equal
323.0914 	EXP 	Hampton2006: Action=1 State=1 Rewarded=True CorrectCount=1
323.1023 	EXP 	feedback
323.5756 	DATA 	Keypress: equal
324.5752 	DATA 	Keypress: equal
325.5755 	DATA 	Keypress: equal
326.5751 	DATA 	Keypress: equal
327.1122 	EXP 	stim presentation for duration 1.000. feedback duration 4.000
327.5227 	DATA 	Keypress: 1
327.5291 	EXP 	stim select
327.5755 	DATA 	Keypress: equal
328.1126 	EXP 	Hampton2006: Action=1 State=1 Rewarded=True CorrectCount=2
328.1212 	EXP 	feedback
328.5756 	DATA 	Keypress: equal
329.5750 	DATA 	Keypress: equal
330.5754 	DATA 	Keypress: equal
331.5751 	DATA 	Keypress: equal
332.1333 	EXP 	stim presentation for duration 2.000. feedback duration 2.000
332.5756 	DATA 	Keypress: equal
333.0785 	DATA 	Keypress: 2
333.0835 	EXP 	stim select
333.5753 	DATA 	Keypress: equal
334.1334 	EXP 	Hampton2006: Action=1 State=1 Rewarded=True CorrectCount=3
334.1405 	EXP 	feedback
334.5748 	DATA 	Keypress: equal
335.5743 	DATA 	Keypress: equal
336.1542 	EXP 	stim presentation for duration 1.000. feedback duration 3.000
336.5742 	DATA 	Keypress: equal
336.6970 	DATA 	Keypress: 1
336.7031 	EXP 	stim select
337.1545 	EXP 	Hampton2006: Action=1 State=1 Rewarded=True CorrectCount=4
337.1712 	EXP 	feedback
337.5742 	DATA 	Keypress: equal
338.5746 	DATA 	Keypress: equal
339.5742 	DATA 	Keypress: equal
340.1762 	EXP 	stim presentation for duration 1.000. feedback duration 2.000
340.5747 	DATA 	Keypress: equal
340.6630 	DATA 	Keypress: 1
340.6741 	EXP 	stim select
341.1763 	EXP 	Hampton2006: Action=1 State=1 Rewarded=True CorrectCount=5
341.1909 	EXP 	feedback
341.5741 	DATA 	Keypress: equal
342.5759 	DATA 	Keypress: equal
343.1947 	EXP 	stim presentation for duration 3.000. feedback duration 2.000
343.5743 	DATA 	Keypress: equal
343.7162 	DATA 	Keypress: 2
343.7264 	EXP 	stim select
344.5740 	DATA 	Keypress: equal
345.5740 	DATA 	Keypress: equal
346.1949 	EXP 	Hampton2006: Action=1 State=1 Rewarded=True CorrectCount=6
346.1949 	EXP 	Hampton2006: Reversal
346.2115 	EXP 	feedback
346.5742 	DATA 	Keypress: equal
347.5741 	DATA 	Keypress: equal
348.2299 	EXP 	stim presentation for duration 2.000. feedback duration 4.000
348.5741 	DATA 	Keypress: equal
348.8552 	DATA 	Keypress: 1
348.8631 	EXP 	stim select
349.5743 	DATA 	Keypress: equal
350.2305 	EXP 	Hampton2006: Action=1 State=0 Rewarded=True CorrectCount=0
350.2480 	EXP 	feedback
350.5741 	DATA 	Keypress: equal
351.5742 	DATA 	Keypress: equal
352.5742 	DATA 	Keypress: equal
353.5743 	DATA 	Keypress: equal
354.2672 	EXP 	stim presentation for duration 1.000. feedback duration 2.000
354.5743 	DATA 	Keypress: equal
354.7973 	DATA 	Keypress: 2
354.8180 	EXP 	stim select
355.2674 	EXP 	Hampton2006: Action=1 State=0 Rewarded=False CorrectCount=0
355.2848 	EXP 	feedback
355.5743 	DATA 	Keypress: equal
356.5742 	DATA 	Keypress: equal
357.3020 	EXP 	stim presentation for duration 1.000. feedback duration 3.000
357.5745 	DATA 	Keypress: equal
357.8945 	DATA 	Keypress: 1
357.9021 	EXP 	stim select
358.3021 	EXP 	Hampton2006: Action=1 State=0 Rewarded=False CorrectCount=0
358.3190 	EXP 	feedback
358.5744 	DATA 	Keypress: equal
359.5741 	DATA 	Keypress: equal
360.5744 	DATA 	Keypress: equal
361.3228 	EXP 	stim presentation for duration 3.000. feedback duration 2.000
361.5735 	DATA 	Keypress: equal
362.3884 	DATA 	Keypress: 1
362.4042 	EXP 	stim select
362.5730 	DATA 	Keypress: equal
363.5732 	DATA 	Keypress: equal
364.3230 	EXP 	Hampton2006: Action=1 State=0 Rewarded=True CorrectCount=0
364.3392 	EXP 	feedback
364.5731 	DATA 	Keypress: equal
365.5731 	DATA 	Keypress: equal
366.3565 	EXP 	stim presentation for duration 1.000. feedback duration 4.000
366.5735 	DATA 	Keypress: equal
366.8605 	DATA 	Keypress: 1
366.8731 	EXP 	stim select
367.3566 	EXP 	Hampton2006: Action=1 State=0 Rewarded=False CorrectCount=0
367.3727 	EXP 	feedback
367.5734 	DATA 	Keypress: equal
368.5732 	DATA 	Keypress: equal
369.5731 	DATA 	Keypress: equal
370.5734 	DATA 	Keypress: equal
371.3812 	EXP 	stim presentation for duration 3.000. feedback duration 4.000
371.5730 	DATA 	Keypress: equal
371.9986 	DATA 	Keypress: 1
372.0088 	EXP 	stim select
372.5745 	DATA 	Keypress: equal
373.5730 	DATA 	Keypress: equal
374.3815 	EXP 	Hampton2006: Action=0 State=0 Rewarded=False CorrectCount=1
374.3929 	EXP 	feedback
374.5731 	DATA 	Keypress: equal
375.5732 	DATA 	Keypress: equal
376.5733 	DATA 	Keypress: equal
377.5735 	DATA 	Keypress: equal
378.4041 	EXP 	stim presentation for duration 2.000. feedback duration 2.000
378.5735 	DATA 	Keypress: equal
379.5735 	DATA 	Keypress: equal
379.7013 	DATA 	Keypress: 2
379.7129 	EXP 	stim select
380.4043 	EXP 	Hampton2006: Action=1 State=0 Rewarded=False CorrectCount=1
380.4457 	EXP 	feedback
380.5738 	DATA 	Keypress: equal
381.5733 	DATA 	Keypress: equal
382.4563 	EXP 	stim presentation for duration 2.000. feedback duration 3.000
382.5733 	DATA 	Keypress: equal
383.5733 	DATA 	Keypress: equal
383.9454 	DATA 	Keypress: 2
383.9579 	EXP 	stim select
384.4565 	EXP 	Hampton2006: Action=0 State=0 Rewarded=False CorrectCount=2
384.4649 	EXP 	feedback
384.5731 	DATA 	Keypress: equal
385.5734 	DATA 	Keypress: equal
386.5726 	DATA 	Keypress: equal
387.4773 	EXP 	stim presentation for duration 3.000. feedback duration 4.000
387.5722 	DATA 	Keypress: equal
388.2711 	DATA 	Keypress: 1
388.2773 	EXP 	stim select
388.5721 	DATA 	Keypress: equal
389.5723 	DATA 	Keypress: equal
390.4775 	EXP 	Hampton2006: Action=0 State=0 Rewarded=True CorrectCount=3
390.4971 	EXP 	feedback
390.5720 	DATA 	Keypress: equal
391.5720 	DATA 	Keypress: equal
392.5721 	DATA 	Keypress: equal
393.5722 	DATA 	Keypress: equal
394.5028 	EXP 	stim presentation for duration 3.000. feedback duration 4.000
394.5720 	DATA 	Keypress: equal
395.1133 	DATA 	Keypress: 2
395.1197 	EXP 	stim select
395.5722 	DATA 	Keypress: equal
396.5721 	DATA 	Keypress: equal
397.5029 	EXP 	Hampton2006: Action=0 State=0 Rewarded=False CorrectCount=4
397.5188 	EXP 	feedback
397.5724 	DATA 	Keypress: equal
398.5721 	DATA 	Keypress: equal
399.5724 	DATA 	Keypress: equal
400.5723 	DATA 	Keypress: equal
401.5391 	EXP 	stim presentation for duration 2.000. feedback duration 3.000
401.5720 	DATA 	Keypress: equal
402.0013 	DATA 	Keypress: 1
402.0066 	EXP 	stim select
402.5727 	DATA 	Keypress: equal
403.5397 	EXP 	Hampton2006: Action=0 State=0 Rewarded=False CorrectCount=5
403.5569 	EXP 	feedback
403.5722 	DATA 	Keypress: equal
404.5721 	DATA 	Keypress: equal
405.5724 	DATA 	Keypress: equal
406.5760 	EXP 	stim presentation for duration 1.000. feedback duration 4.000
406.5801 	DATA 	Keypress: equal
407.4212 	DATA 	Keypress: 2
407.4253 	EXP 	stim select
407.5723 	DATA 	Keypress: equal
407.5762 	EXP 	Hampton2006: Action=0 State=0 Rewarded=False CorrectCount=6
407.5918 	EXP 	feedback
408.5723 	DATA 	Keypress: equal
409.5724 	DATA 	Keypress: equal
410.5726 	DATA 	Keypress: equal
411.5721 	DATA 	Keypress: equal
411.5955 	EXP 	stim presentation for duration 2.000. feedback duration 2.000
412.4625 	DATA 	Keypress: 1
412.4781 	EXP 	stim select
412.5731 	DATA 	Keypress: equal
413.5727 	DATA 	Keypress: equal
413.5959 	EXP 	Hampton2006: Action=1 State=0 Rewarded=True CorrectCount=6
413.6114 	EXP 	feedback
414.5742 	DATA 	Keypress: equal
415.5714 	DATA 	Keypress: equal
415.6161 	EXP 	stim presentation for duration 1.000. feedback duration 3.000
416.1411 	DATA 	Keypress: 1
416.1460 	EXP 	stim select
416.5713 	DATA 	Keypress: equal
416.6163 	EXP 	Hampton2006: Action=1 State=0 Rewarded=True CorrectCount=6
416.6163 	EXP 	Hampton2006: Reversal
416.6294 	EXP 	feedback
417.5715 	DATA 	Keypress: equal
418.5713 	DATA 	Keypress: equal
419.5722 	DATA 	Keypress: equal
419.6354 	EXP 	stim presentation for duration 2.000. feedback duration 3.000
420.1510 	DATA 	Keypress: 2
420.1647 	EXP 	stim select
420.5714 	DATA 	Keypress: equal
421.5717 	DATA 	Keypress: equal
421.6355 	EXP 	Hampton2006: Action=1 State=1 Rewarded=False CorrectCount=1
421.6486 	EXP 	feedback
422.5712 	DATA 	Keypress: equal
423.5714 	DATA 	Keypress: equal
424.5713 	DATA 	Keypress: equal
424.6562 	EXP 	stim presentation for duration 1.000. feedback duration 2.000
425.0705 	DATA 	Keypress: 1
425.0837 	EXP 	stim select
425.5711 	DATA 	Keypress: equal
425.6564 	EXP 	Hampton2006: Action=1 State=1 Rewarded=True CorrectCount=2
425.6672 	EXP 	feedback
426.5713 	DATA 	Keypress: equal
427.5713 	DATA 	Keypress: equal
427.6763 	EXP 	stim presentation for duration 3.000. feedback duration 3.000
428.5712 	DATA 	Keypress: equal
429.1713 	DATA 	Keypress: 1
429.1765 	EXP 	stim select
429.5712 	DATA 	Keypress: equal
430.5713 	DATA 	Keypress: equal
430.6765 	EXP 	Hampton2006: Action=1 State=1 Rewarded=True CorrectCount=3
430.6864 	EXP 	feedback
431.5716 	DATA 	Keypress: equal
432.5717 	DATA 	Keypress: equal
433.5711 	DATA 	Keypress: equal
433.6978 	EXP 	stim presentation for duration 2.000. feedback duration 4.000
434.2282 	DATA 	Keypress: 2
434.2385 	EXP 	stim select
434.5713 	DATA 	Keypress: equal
435.5712 	DATA 	Keypress: equal
435.6985 	EXP 	Hampton2006: Action=1 State=1 Rewarded=True CorrectCount=4
435.7160 	EXP 	feedback
436.5711 	DATA 	Keypress: equal
437.5713 	DATA 	Keypress: equal
438.5712 	DATA 	Keypress: equal
439.5714 	DATA 	Keypress: equal
439.7243 	EXP 	stim presentation for duration 2.000. feedback duration 2.000
440.1921 	DATA 	Keypress: 1
440.2026 	EXP 	stim select
440.5704 	DATA 	Keypress: equal
441.5703 	DATA 	Keypress: equal
441.7245 	EXP 	Hampton2006: Action=1 State=1 Rewarded=True CorrectCount=5
441.7372 	EXP 	feedback
442.5702 	DATA 	Keypress: equal
443.5707 	DATA 	Keypress: equal
443.7424 	EXP 	stim presentation for duration 2.000. feedback duration 4.000
444.5702 	DATA 	Keypress: equal
444.6244 	DATA 	Keypress: 1
444.6400 	EXP 	stim select
445.5702 	DATA 	Keypress: equal
445.7429 	EXP 	Hampton2006: Action=1 State=1 Rewarded=True CorrectCount=6
445.7569 	EXP 	feedback
446.5703 	DATA 	Keypress: equal
447.5706 	DATA 	Keypress: equal
448.5705 	DATA 	Keypress: equal
449.5702 	DATA 	Keypress: equal
449.7618 	EXP 	stim presentation for duration 2.000. feedback duration 3.000
450.3057 	DATA 	Keypress: 1
450.3101 	EXP 	stim select
450.5701 	DATA 	Keypress: equal
451.5704 	DATA 	Keypress: equal
451.7619 	EXP 	Hampton2006: Action=1 State=1 Rewarded=True CorrectCount=7
451.7619 	EXP 	Hampton2006: Reversal
451.7787 	EXP 	feedback
452.5702 	DATA 	Keypress: equal
453.5704 	DATA 	Keypress: equal
454.5702 	DATA 	Keypress: equal
454.7974 	EXP 	stim presentation for duration 2.000. feedback duration 3.000
455.2781 	DATA 	Keypress: 1
455.2979 	EXP 	stim select
455.5702 	DATA 	Keypress: equal
456.5703 	DATA 	Keypress: equal
456.7982 	EXP 	Hampton2006: Action=1 State=0 Rewarded=False CorrectCount=0
456.8156 	EXP 	feedback
457.5701 	DATA 	Keypress: equal
458.5700 	DATA 	Keypress: equal
459.5703 	DATA 	Keypress: equal
459.8336 	EXP 	stim presentation for duration 2.000. feedback duration 4.000
460.4373 	DATA 	Keypress: 1
460.4509 	EXP 	stim select
460.5702 	DATA 	Keypress: equal
461.5704 	DATA 	Keypress: equal
461.8337 	EXP 	Hampton2006: Action=1 State=0 Rewarded=False CorrectCount=0
461.8513 	EXP 	feedback
462.5710 	DATA 	Keypress: equal
463.5704 	DATA 	Keypress: equal
464.5704 	DATA 	Keypress: equal
465.5692 	DATA 	Keypress: equal
465.8550 	EXP 	stim presentation for duration 2.000. feedback duration 2.000
466.4831 	DATA 	Keypress: 1
466.4894 	EXP 	stim select
466.5693 	DATA 	Keypress: equal
467.5697 	DATA 	Keypress: equal
467.8554 	EXP 	Hampton2006: Action=0 State=0 Rewarded=False CorrectCount=1
467.8712 	EXP 	feedback
468.5695 	DATA 	Keypress: equal
469.5694 	DATA 	Keypress: equal
469.8750 	EXP 	stim presentation for duration 2.000. feedback duration 4.000
470.5699 	DATA 	Keypress: equal
471.5694 	DATA 	Keypress: equal
471.6204 	DATA 	Keypress: 1
471.6267 	EXP 	stim select
471.8752 	EXP 	Hampton2006: Action=1 State=0 Rewarded=False CorrectCount=1
471.8897 	EXP 	feedback
472.5695 	DATA 	Keypress: equal
473.5699 	DATA 	Keypress: equal
474.5695 	DATA 	Keypress: equal
475.5694 	DATA 	Keypress: equal
475.8963 	EXP 	stim presentation for duration 1.000. feedback duration 3.000
476.5696 	DATA 	Keypress: equal
476.9085 	EXP 	no response
477.5698 	DATA 	Keypress: equal
478.5695 	DATA 	Keypress: equal
479.5695 	DATA 	Keypress: equal
479.9175 	EXP 	stim presentation for duration 2.000. feedback duration 4.000
480.5695 	DATA 	Keypress: equal
481.0582 	DATA 	Keypress: 2
481.0687 	EXP 	stim select
481.5693 	DATA 	Keypress: equal
481.9176 	EXP 	Hampton2006: Action=1 State=0 Rewarded=False CorrectCount=1
481.9268 	EXP 	feedback
482.5698 	DATA 	Keypress: equal
483.5695 	DATA 	Keypress: equal
484.5697 	DATA 	Keypress: equal
485.5697 	DATA 	Keypress: equal
485.9384 	EXP 	stim presentation for duration 2.000. feedback duration 4.000
486.5694 	DATA 	Keypress: equal
486.9295 	DATA 	Keypress: 1
486.9391 	EXP 	stim select
487.5691 	DATA 	Keypress: equal
487.9390 	EXP 	Hampton2006: Action=0 State=0 Rewarded=True CorrectCount=2
487.9463 	EXP 	feedback
488.5695 	DATA 	Keypress: equal
489.5695 	DATA 	Keypress: equal
490.5692 	DATA 	Keypress: equal
491.5699 	DATA 	Keypress: equal
491.9607 	EXP 	stim presentation for duration 3.000. feedback duration 4.000
492.4851 	DATA 	Keypress: 1
492.4933 	EXP 	stim select
492.5688 	DATA 	Keypress: equal
493.5683 	DATA 	Keypress: equal
494.5682 	DATA 	Keypress: equal
494.9609 	EXP 	Hampton2006: Action=0 State=0 Rewarded=True CorrectCount=3
494.9792 	EXP 	feedback
495.5685 	DATA 	Keypress: equal
496.5684 	DATA 	Keypress: equal
497.5686 	DATA 	Keypress: equal
498.5686 	DATA 	Keypress: equal
498.9852 	EXP 	stim presentation for duration 1.000. feedback duration 2.000
499.4386 	DATA 	Keypress: 1
499.4488 	EXP 	stim select
499.5686 	DATA 	Keypress: equal
499.9856 	EXP 	Hampton2006: Action=0 State=0 Rewarded=True CorrectCount=4
499.9997 	EXP 	feedback
500.5692 	DATA 	Keypress: equal
501.5686 	DATA 	Keypress: equal
502.0182 	EXP 	stim presentation for duration 3.000. feedback duration 3.000
502.5216 	DATA 	Keypress: 1
502.5356 	EXP 	stim select
502.5686 	DATA 	Keypress: equal
503.5687 	DATA 	Keypress: equal
504.5685 	DATA 	Keypress: equal
505.0185 	EXP 	Hampton2006: Action=0 State=0 Rewarded=False CorrectCount=5
505.0185 	EXP 	Hampton2006: Reversal
505.0372 	EXP 	feedback
505.5684 	DATA 	Keypress: equal
506.5687 	DATA 	Keypress: equal
507.5686 	DATA 	Keypress: equal
508.0563 	EXP 	stim presentation for duration 1.000. feedback duration 4.000
508.5512 	DATA 	Keypress: 1
508.5565 	EXP 	stim select
508.5685 	DATA 	Keypress: equal
509.0566 	EXP 	Hampton2006: Action=0 State=1 Rewarded=False CorrectCount=0
509.0739 	EXP 	feedback
509.5685 	DATA 	Keypress: equal
510.5685 	DATA 	Keypress: equal
511.5683 	DATA 	Keypress: equal
512.5680 	DATA 	Keypress: equal
513.0924 	EXP 	stim presentation for duration 3.000. feedback duration 2.000
513.4917 	DATA 	Keypress: 1
513.5089 	EXP 	stim select
513.5685 	DATA 	Keypress: equal
514.5682 	DATA 	Keypress: equal
515.5685 	DATA 	Keypress: equal
516.0927 	EXP 	Hampton2006: Action=0 State=1 Rewarded=True CorrectCount=0
516.1104 	EXP 	feedback
516.5685 	DATA 	Keypress: equal
517.5672 	DATA 	Keypress: equal
518.1288 	EXP 	stim presentation for duration 3.000. feedback duration 3.000
518.5672 	DATA 	Keypress: equal
518.7535 	DATA 	Keypress: 2
518.7615 	EXP 	stim select
519.5677 	DATA 	Keypress: equal
520.5674 	DATA 	Keypress: equal
521.1290 	EXP 	Hampton2006: Action=0 State=1 Rewarded=True CorrectCount=0
521.1462 	EXP 	feedback
521.5675 	DATA 	Keypress: equal
522.5679 	DATA 	Keypress: equal
523.5671 	DATA 	Keypress: equal
524.1512 	EXP 	stim presentation for duration 2.000. feedback duration 4.000
524.5672 	DATA 	Keypress: equal
524.5902 	DATA 	Keypress: 1
524.5977 	EXP 	stim select
525.5673 	DATA 	Keypress: equal
526.1515 	EXP 	Hampton2006: Action=0 State=1 Rewarded=False CorrectCount=0
526.1646 	EXP 	feedback
526.5673 	DATA 	Keypress: equal
527.5674 	DATA 	Keypress: equal
528.5671 	DATA 	Keypress: equal
529.5672 	DATA 	Keypress: equal
530.1736 	EXP 	stim presentation for duration 1.000. feedback duration 3.000
530.5674 	DATA 	Keypress: equal
530.5942 	DATA 	Keypress: 1
530.6007 	EXP 	stim select
531.1745 	EXP 	Hampton2006: Action=0 State=1 Rewarded=False CorrectCount=0
531.1836 	EXP 	feedback
531.5672 	DATA 	Keypress: equal
532.5675 	DATA 	Keypress: equal
534.1935 	EXP 	stim presentation for duration 2.000. feedback duration 2.000
535.3951 	DATA 	Keypress: 1
535.4028 	EXP 	stim select
536.1936 	EXP 	Hampton2006: Action=0 State=1 Rewarded=False CorrectCount=0
536.2025 	EXP 	feedback
538.2027 	EXP 	Done. Final reward $0.75
